<?xml version="1.0" encoding="UTF-8"?>
<!-- Generated by org.testng.reporters.JUnitReportReporter -->
<testsuite hostname="DESKTOP-47P2MTB" failures="0" tests="4" name="api.test.StoreTest" time="5.666" errors="0" timestamp="2024-10-02T21:12:38 IST" skipped="0">
  <testcase classname="api.test.StoreTest" name="testPostStore" time="1.391"/>
  <testcase classname="api.test.StoreTest" name="testGetStore" time="1.379"/>
  <testcase classname="api.test.StoreTest" name="testGetStoreInventories" time="1.500"/>
  <testcase classname="api.test.StoreTest" name="testDeleteStore" time="1.396"/>
</testsuite> <!-- api.test.StoreTest -->
