<?xml version="1.0" encoding="UTF-8"?>
<!-- Generated by org.testng.reporters.JUnitReportReporter -->
<testsuite hostname="DESKTOP-47P2MTB" failures="0" tests="14" name="api.test.PetTest" time="26.583" errors="0" timestamp="2024-10-02T21:12:38 IST" skipped="0">
  <testcase classname="api.test.PetTest" name="testAddNewPet" time="1.393"/>
  <testcase classname="api.test.PetTest" name="testAddNewPet" time="4.600"/>
  <testcase classname="api.test.PetTest" name="testAddNewPet" time="1.463"/>
  <testcase classname="api.test.PetTest" name="testUpdateExistingPet" time="1.317"/>
  <testcase classname="api.test.PetTest" name="testUpdateExistingPet" time="1.385"/>
  <testcase classname="api.test.PetTest" name="testUpdateExistingPet" time="1.355"/>
  <testcase classname="api.test.PetTest" name="testFindPetByStatus" time="1.368"/>
  <testcase classname="api.test.PetTest" name="testFindPetByTags" time="1.435"/>
  <testcase classname="api.test.PetTest" name="testFindPet" time="2.716"/>
  <testcase classname="api.test.PetTest" name="testFindPet" time="2.656"/>
  <testcase classname="api.test.PetTest" name="testFindPet" time="2.751"/>
  <testcase classname="api.test.PetTest" name="testUpdatePet" time="1.389"/>
  <testcase classname="api.test.PetTest" name="testUploadPetImage" time="1.450"/>
  <testcase classname="api.test.PetTest" name="testDeletePet" time="1.305"/>
</testsuite> <!-- api.test.PetTest -->
