<?xml version="1.0" encoding="UTF-8"?>
<!-- Generated by org.testng.reporters.JUnitReportReporter -->
<testsuite hostname="DESKTOP-47P2MTB" failures="0" tests="9" name="api.test.UserTest" time="13.124" errors="0" timestamp="2024-10-02T21:12:38 IST" skipped="0">
  <testcase classname="api.test.UserTest" name="testPostUser" time="1.349"/>
  <testcase classname="api.test.UserTest" name="testGetUser" time="2.150"/>
  <testcase classname="api.test.UserTest" name="testPutUser" time="1.361"/>
  <testcase classname="api.test.UserTest" name="testDeleteUser" time="1.396"/>
  <testcase classname="api.test.UserTest" name="testLoginUser" time="1.398"/>
  <testcase classname="api.test.UserTest" name="testLogoutUser" time="1.357"/>
  <testcase classname="api.test.UserTest" name="testLoginUserTime" time="1.358"/>
  <testcase classname="api.test.UserTest" name="testLogoutUserTime" time="1.361"/>
  <testcase classname="api.test.UserTest" name="testCreateUsers" time="1.394"/>
</testsuite> <!-- api.test.UserTest -->
