<?xml version="1.0" encoding="UTF-8"?>
<!-- Generated by org.testng.reporters.JUnitReportReporter -->
<testsuite hostname="DESKTOP-47P2MTB" failures="0" tests="9" name="api.test.UserTest" time="11.957" errors="0" timestamp="2024-10-02T21:07:50 IST" skipped="0">
  <testcase classname="api.test.UserTest" name="testPostUser" time="1.378"/>
  <testcase classname="api.test.UserTest" name="testGetUser" time="1.296"/>
  <testcase classname="api.test.UserTest" name="testPutUser" time="1.264"/>
  <testcase classname="api.test.UserTest" name="testDeleteUser" time="1.343"/>
  <testcase classname="api.test.UserTest" name="testLoginUser" time="1.361"/>
  <testcase classname="api.test.UserTest" name="testLogoutUser" time="1.328"/>
  <testcase classname="api.test.UserTest" name="testLoginUserTime" time="1.353"/>
  <testcase classname="api.test.UserTest" name="testLogoutUserTime" time="1.354"/>
  <testcase classname="api.test.UserTest" name="testCreateUsers" time="1.280"/>
</testsuite> <!-- api.test.UserTest -->
