<?xml version="1.0" encoding="UTF-8"?>
<!-- Generated by org.testng.reporters.JUnitReportReporter -->
<testsuite hostname="DESKTOP-47P2MTB" failures="0" tests="14" name="api.test.PetTest" time="27.121" errors="0" timestamp="2024-10-02T21:07:50 IST" skipped="0">
  <testcase classname="api.test.PetTest" name="testAddNewPet" time="4.337"/>
  <testcase classname="api.test.PetTest" name="testAddNewPet" time="1.454"/>
  <testcase classname="api.test.PetTest" name="testAddNewPet" time="1.395"/>
  <testcase classname="api.test.PetTest" name="testUpdateExistingPet" time="1.407"/>
  <testcase classname="api.test.PetTest" name="testUpdateExistingPet" time="1.398"/>
  <testcase classname="api.test.PetTest" name="testUpdateExistingPet" time="1.399"/>
  <testcase classname="api.test.PetTest" name="testFindPetByStatus" time="1.396"/>
  <testcase classname="api.test.PetTest" name="testFindPetByTags" time="1.398"/>
  <testcase classname="api.test.PetTest" name="testFindPet" time="2.634"/>
  <testcase classname="api.test.PetTest" name="testFindPet" time="2.795"/>
  <testcase classname="api.test.PetTest" name="testFindPet" time="2.793"/>
  <testcase classname="api.test.PetTest" name="testUpdatePet" time="1.760"/>
  <testcase classname="api.test.PetTest" name="testUploadPetImage" time="1.561"/>
  <testcase classname="api.test.PetTest" name="testDeletePet" time="1.394"/>
</testsuite> <!-- api.test.PetTest -->
